#
# There is insufficient memory for the Java Runtime Environment to continue.
# Native memory allocation (malloc) failed to allocate 32756 bytes for ChunkPool::allocate
# Possible reasons:
#   The system is out of physical RAM or swap space
#   In 32 bit mode, the process size limit was hit
# Possible solutions:
#   Reduce memory load on the system
#   Increase physical memory or swap space
#   Check if swap backing store is full
#   Use 64 bit Java on a 64 bit OS
#   Decrease Java heap size (-Xmx/-Xms)
#   Decrease number of Java threads
#   Decrease Java thread stack sizes (-Xss)
#   Set larger code cache with -XX:ReservedCodeCacheSize=
# This output file may be truncated or incomplete.
#
#  Out of Memory Error (allocation.cpp:273), pid=64180, tid=64020
#
# JRE version: Java(TM) SE Runtime Environment (8.0_60-b27) (build 1.8.0_60-b27)
# Java VM: Java HotSpot(TM) Client VM (25.60-b23 mixed mode windows-x86 )
# Failed to write core dump. Minidumps are not enabled by default on client versions of Windows
#

---------------  T H R E A D  ---------------

Current thread (0x449fd000):  JavaThread "C1 CompilerThread0" daemon [_thread_in_native, id=64020, stack(0x44f60000,0x44fb0000)]

Stack: [0x44f60000,0x44fb0000],  sp=0x44faea88,  free space=314k
Native frames: (J=compiled Java code, j=interpreted, Vv=VM code, C=native code)
V  [jvm.dll+0x1a7dbb]
V  [jvm.dll+0x1a0668]
V  [jvm.dll+0x8b571]
V  [jvm.dll+0x8b74d]
V  [jvm.dll+0x8bbc7]
V  [jvm.dll+0x29bd6d]
V  [jvm.dll+0x29be10]
V  [jvm.dll+0x29c16a]
V  [jvm.dll+0x29f8f0]
V  [jvm.dll+0x29fcf5]
V  [jvm.dll+0x29fda3]
V  [jvm.dll+0x2a03c7]
V  [jvm.dll+0x2a1993]
V  [jvm.dll+0x286789]
V  [jvm.dll+0x28685a]
V  [jvm.dll+0x2869c8]
V  [jvm.dll+0x286c42]
V  [jvm.dll+0x6f26a]
V  [jvm.dll+0x6fa1f]
V  [jvm.dll+0x17bddc]
V  [jvm.dll+0x17beca]
V  [jvm.dll+0x1c0466]
C  [msvcr100.dll+0x5c556]
C  [msvcr100.dll+0x5c600]
C  [KERNEL32.DLL+0x4198]
C  [ntdll.dll+0x532d1]
C  [ntdll.dll+0x5329f]
C  0x00000000


Current CompileTask:
C1:    664  203   !         com.android.dx.cf.code.BytecodeArray::parseInstruction (2764 bytes)


---------------  P R O C E S S  ---------------

Java Threads: ( => current thread )
  0x44b17000 JavaThread "pool-1-thread-4" [_thread_blocked, id=63920, stack(0x45190000,0x451e0000)]
  0x44b1c000 JavaThread "pool-1-thread-3" [_thread_blocked, id=64452, stack(0x45140000,0x45190000)]
  0x44b0cc00 JavaThread "pool-1-thread-2" [_thread_blocked, id=64100, stack(0x450f0000,0x45140000)]
  0x44aef800 JavaThread "pool-2-thread-1" [_thread_blocked, id=63740, stack(0x450a0000,0x450f0000)]
  0x44aef000 JavaThread "pool-1-thread-1" [_thread_blocked, id=64152, stack(0x45050000,0x450a0000)]
  0x44a18c00 JavaThread "Service Thread" daemon [_thread_blocked, id=63636, stack(0x44fb0000,0x45000000)]
=>0x449fd000 JavaThread "C1 CompilerThread0" daemon [_thread_in_native, id=64020, stack(0x44f60000,0x44fb0000)]
  0x449fc000 JavaThread "Attach Listener" daemon [_thread_blocked, id=64328, stack(0x44f10000,0x44f60000)]
  0x449fa000 JavaThread "Signal Dispatcher" daemon [_thread_blocked, id=64336, stack(0x44ec0000,0x44f10000)]
  0x449d7800 JavaThread "Finalizer" daemon [_thread_blocked, id=64052, stack(0x041b0000,0x04200000)]
  0x020ce800 JavaThread "Reference Handler" daemon [_thread_blocked, id=64224, stack(0x02120000,0x02170000)]
  0x011abc00 JavaThread "main" [_thread_in_vm, id=65060, stack(0x01ee0000,0x01f30000)]

Other Threads:
  0x020cd000 VMThread [stack: 0x020d0000,0x02120000] [id=48056]
  0x44a2b800 WatcherThread [stack: 0x45000000,0x45050000] [id=63976]

VM state:not at safepoint (normal execution)

VM Mutex/Monitor currently owned by a thread: None

Heap:
 def new generation   total 4928K, used 962K [0x04200000, 0x04750000, 0x19750000)
  eden space 4416K,  10% used [0x04200000, 0x04270ad0, 0x04650000)
  from space 512K, 100% used [0x04650000, 0x046d0000, 0x046d0000)
  to   space 512K,   0% used [0x046d0000, 0x046d0000, 0x04750000)
 tenured generation   total 10944K, used 2394K [0x19750000, 0x1a200000, 0x44200000)
   the space 10944K,  21% used [0x19750000, 0x199a6918, 0x199a6a00, 0x1a200000)
 Metaspace       used 3175K, capacity 3430K, committed 3520K, reserved 4480K

Card table byte_map: [0x44200000,0x44410000] byte_map_base: 0x441df000

Polling page: 0x01190000

CodeCache: size=32768Kb used=946Kb max_used=946Kb free=31821Kb
 bounds [0x021b0000, 0x022a0000, 0x041b0000]
 total_blobs=345 nmethods=202 adapters=74
 compilation: enabled

Compilation events (10 events):
Event: 0.536 Thread 0x449fd000 nmethod 198 0x0229a108 code [0x0229a200, 0x0229a280]
Event: 0.560 Thread 0x449fd000  199             com.android.dx.util.ByteArray::<init> (81 bytes)
Event: 0.560 Thread 0x449fd000 nmethod 199 0x0229a2c8 code [0x0229a400, 0x0229a670]
Event: 0.560 Thread 0x449fd000  200             com.android.dx.dex.cf.CfTranslator::translate0 (259 bytes)
Event: 0.563 Thread 0x449fd000 nmethod 200 0x0229a808 code [0x0229aa80, 0x0229b350]
Event: 0.563 Thread 0x449fd000  201             com.android.dx.util.IntList::mutableCopy (39 bytes)
Event: 0.563 Thread 0x449fd000 nmethod 201 0x0229c448 code [0x0229c560, 0x0229c6a8]
Event: 0.588 Thread 0x449fd000  202             com.android.dx.util.ByteArray::slice (30 bytes)
Event: 0.588 Thread 0x449fd000 nmethod 202 0x0229c808 code [0x0229c910, 0x0229ca28]
Event: 0.591 Thread 0x449fd000  203   !         com.android.dx.cf.code.BytecodeArray::parseInstruction (2764 bytes)

GC Heap History (4 events):
Event: 0.358 GC heap before
{Heap before GC invocations=0 (full 0):
 def new generation   total 4928K, used 4416K [0x04200000, 0x04750000, 0x19750000)
  eden space 4416K, 100% used [0x04200000, 0x04650000, 0x04650000)
  from space 512K,   0% used [0x04650000, 0x04650000, 0x046d0000)
  to   space 512K,   0% used [0x046d0000, 0x046d0000, 0x04750000)
 tenured generation   total 10944K, used 0K [0x19750000, 0x1a200000, 0x44200000)
   the space 10944K,   0% used [0x19750000, 0x19750000, 0x19750200, 0x1a200000)
 Metaspace       used 2592K, capacity 2918K, committed 3008K, reserved 4480K
Event: 0.362 GC heap after
Heap after GC invocations=1 (full 0):
 def new generation   total 4928K, used 512K [0x04200000, 0x04750000, 0x19750000)
  eden space 4416K,   0% used [0x04200000, 0x04200000, 0x04650000)
  from space 512K, 100% used [0x046d0000, 0x04750000, 0x04750000)
  to   space 512K,   0% used [0x04650000, 0x04650000, 0x046d0000)
 tenured generation   total 10944K, used 883K [0x19750000, 0x1a200000, 0x44200000)
   the space 10944K,   8% used [0x19750000, 0x1982ced0, 0x1982d000, 0x1a200000)
 Metaspace       used 2592K, capacity 2918K, committed 3008K, reserved 4480K
}
Event: 0.523 GC heap before
{Heap before GC invocations=1 (full 0):
 def new generation   total 4928K, used 4928K [0x04200000, 0x04750000, 0x19750000)
  eden space 4416K, 100% used [0x04200000, 0x04650000, 0x04650000)
  from space 512K, 100% used [0x046d0000, 0x04750000, 0x04750000)
  to   space 512K,   0% used [0x04650000, 0x04650000, 0x046d0000)
 tenured generation   total 10944K, used 883K [0x19750000, 0x1a200000, 0x44200000)
   the space 10944K,   8% used [0x19750000, 0x1982ced0, 0x1982d000, 0x1a200000)
 Metaspace       used 3174K, capacity 3430K, committed 3520K, reserved 4480K
Event: 0.530 GC heap after
Heap after GC invocations=2 (full 0):
 def new generation   total 4928K, used 512K [0x04200000, 0x04750000, 0x19750000)
  eden space 4416K,   0% used [0x04200000, 0x04200000, 0x04650000)
  from space 512K, 100% used [0x04650000, 0x046d0000, 0x046d0000)
  to   space 512K,   0% used [0x046d0000, 0x046d0000, 0x04750000)
 tenured generation   total 10944K, used 2394K [0x19750000, 0x1a200000, 0x44200000)
   the space 10944K,  21% used [0x19750000, 0x199a6918, 0x199a6a00, 0x1a200000)
 Metaspace       used 3174K, capacity 3430K, committed 3520K, reserved 4480K
}

Deoptimization events (0 events):
No events

Internal exceptions (2 events):
Event: 0.058 Thread 0x011abc00 Exception <a 'java/lang/NoSuchMethodError': Method sun.misc.Unsafe.defineClass(Ljava/lang/String;[BII)Ljava/lang/Class; name or signature does not match> (0x042109d0) thrown at [D:\re\puppet\workspace\8-2-build-windows-i586-cygwin\jdk8u60\4407\hotspot\src\êy±ô§˚≠?
Event: 0.059 Thread 0x011abc00 Exception <a 'java/lang/NoSuchMethodError': Method sun.misc.Unsafe.prefetchRead(Ljava/lang/Object;J)V name or signature does not match> (0x04210ca0) thrown at [D:\re\puppet\workspace\8-2-build-windows-i586-cygwin\jdk8u60\4407\hotspot\src\share\vm\prims\jni

Events (10 events):
Event: 0.489 loading class com/android/dx/rop/annotation/AnnotationsList
Event: 0.489 loading class com/android/dx/rop/annotation/AnnotationsList done
Event: 0.489 loading class com/android/dx/dex/file/MethodIdItem
Event: 0.489 loading class com/android/dx/dex/file/MethodIdItem done
Event: 0.490 loading class com/android/dx/cf/code/BytecodeArray$ConstantParserVisitor
Event: 0.490 loading class com/android/dx/cf/code/BytecodeArray$ConstantParserVisitor done
Event: 0.509 loading class com/android/dx/dex/file/MethodAnnotationStruct
Event: 0.509 loading class com/android/dx/dex/file/MethodAnnotationStruct done
Event: 0.523 Executing VM operation: GenCollectForAllocation
Event: 0.530 Executing VM operation: GenCollectForAllocation done


Dynamic libraries:
0x00830000 - 0x00863000 	C:\Program Files\Java\jdk1.8.0_60\bin\java.exe
0x776f0000 - 0x77859000 	C:\Windows\SYSTEM32\ntdll.dll
0x756d0000 - 0x757d0000 	C:\Windows\system32\KERNEL32.DLL
0x751e0000 - 0x752b9000 	C:\Windows\system32\KERNELBASE.dll
0x73e60000 - 0x73f00000 	C:\Windows\system32\apphelp.dll
0x78310000 - 0x78576000 	C:\Windows\AppPatch\AcGenral.DLL
0x77620000 - 0x776e3000 	C:\Windows\system32\msvcrt.dll
0x76d70000 - 0x76db1000 	C:\Windows\SYSTEM32\sechost.dll
0x74d30000 - 0x74d54000 	C:\Windows\SYSTEM32\SspiCli.dll
0x76e10000 - 0x76e55000 	C:\Windows\system32\SHLWAPI.dll
0x73f90000 - 0x7407e000 	C:\Windows\SYSTEM32\UxTheme.dll
0x770f0000 - 0x77245000 	C:\Windows\system32\USER32.dll
0x77340000 - 0x77453000 	C:\Windows\system32\GDI32.dll
0x6d950000 - 0x6d973000 	C:\Windows\SYSTEM32\WINMM.dll
0x6de90000 - 0x6dea3000 	C:\Windows\SYSTEM32\samcli.dll
0x76e60000 - 0x76f89000 	C:\Windows\system32\ole32.dll
0x757d0000 - 0x75865000 	C:\Windows\system32\OLEAUT32.dll
0x69950000 - 0x69967000 	C:\Windows\SYSTEM32\MSACM32.dll
0x6f350000 - 0x6f358000 	C:\Windows\SYSTEM32\VERSION.dll
0x759e0000 - 0x76c9c000 	C:\Windows\system32\SHELL32.dll
0x746b0000 - 0x746cb000 	C:\Windows\SYSTEM32\USERENV.dll
0x73660000 - 0x7367a000 	C:\Windows\SYSTEM32\dwmapi.dll
0x6da30000 - 0x6db7b000 	C:\Windows\SYSTEM32\urlmon.dll
0x76ca0000 - 0x76d1c000 	C:\Windows\system32\ADVAPI32.dll
0x6c2d0000 - 0x6c335000 	C:\Windows\SYSTEM32\WINSPOOL.DRV
0x6c020000 - 0x6c036000 	C:\Windows\SYSTEM32\MPR.dll
0x77020000 - 0x770f0000 	C:\Windows\system32\RPCRT4.dll
0x75550000 - 0x756cd000 	C:\Windows\SYSTEM32\combase.dll
0x6d920000 - 0x6d943000 	C:\Windows\SYSTEM32\WINMMBASE.dll
0x74f00000 - 0x74f0f000 	C:\Windows\SYSTEM32\profapi.dll
0x6ee70000 - 0x6f0a2000 	C:\Windows\SYSTEM32\iertutil.dll
0x6f150000 - 0x6f343000 	C:\Windows\SYSTEM32\WININET.dll
0x752c0000 - 0x752fc000 	C:\Windows\SYSTEM32\cfgmgr32.dll
0x74080000 - 0x740a1000 	C:\Windows\SYSTEM32\DEVOBJ.dll
0x772b0000 - 0x7733b000 	C:\Windows\system32\SHCORE.DLL
0x753a0000 - 0x753c6000 	C:\Windows\system32\IMM32.DLL
0x75430000 - 0x75542000 	C:\Windows\system32\MSCTF.dll
0x72dc0000 - 0x72fc6000 	C:\Windows\WinSxS\x86_microsoft.windows.common-controls_6595b64144ccf1df_6.0.9600.18006_none_a9ec6aab013aafee\COMCTL32.dll
0x5bb40000 - 0x5bbff000 	C:\Program Files\Java\jdk1.8.0_60\jre\bin\msvcr100.dll
0x6cf30000 - 0x6d2f5000 	C:\Program Files\Java\jdk1.8.0_60\jre\bin\client\jvm.dll
0x6f440000 - 0x6f448000 	C:\Windows\SYSTEM32\WSOCK32.dll
0x76d50000 - 0x76d56000 	C:\Windows\system32\PSAPI.DLL
0x76dc0000 - 0x76e10000 	C:\Windows\system32\WS2_32.dll
0x76d60000 - 0x76d67000 	C:\Windows\system32\NSI.dll
0x6ba80000 - 0x6ba8c000 	C:\Program Files\Java\jdk1.8.0_60\jre\bin\verify.dll
0x674c0000 - 0x674e1000 	C:\Program Files\Java\jdk1.8.0_60\jre\bin\java.dll
0x64320000 - 0x64333000 	C:\Program Files\Java\jdk1.8.0_60\jre\bin\zip.dll
0x72c70000 - 0x72db1000 	C:\Windows\SYSTEM32\dbghelp.dll

VM Arguments:
jvm_args: -Xmx1024M -Dfile.encoding=windows-1251 -Duser.country=RU -Duser.language=ru -Duser.variant 
java_command: com.android.dx.command.Main --dex --num-threads=4 --output C:\Users\Alexandr\AndroidStudioProjects\searchScrollApp\app2\build\intermediates\dex\debug C:\Users\Alexandr\AndroidStudioProjects\searchScrollApp\app2\build\intermediates\classes\debug C:\Users\Alexandr\AndroidStudioProjects\searchScrollApp\app2\build\intermediates\pre-dexed\debug\support-annotations-23.0.1-4347029fbaacbe02028cd0143fc99b6579d7eb95.jar C:\Users\Alexandr\AndroidStudioProjects\searchScrollApp\app2\build\intermediates\pre-dexed\debug\internal_impl-23.0.1-b9c94b307cebdd41896297a719f41de3fbe2ef54.jar C:\Users\Alexandr\AndroidStudioProjects\searchScrollApp\app2\build\intermediates\pre-dexed\debug\classes-3bd5ba01a9a606bbabc5e10e35b7e763dfadceb5.jar C:\Users\Alexandr\AndroidStudioProjects\searchScrollApp\app2\build\intermediates\pre-dexed\debug\classes-a4f4ac6b3b843f7c148447c8cd649bbd4209550f.jar
java_class_path (initial): C:\Users\Alexandr\AppData\Local\Android\sdk\build-tools\23.0.1\lib\dx.jar
Launcher Type: SUN_STANDARD

Environment Variables:
JAVA_HOME=C:\Program Files\Java\jdk1.8.0_60
PATH=C:\ProgramData\Oracle\Java\javapath;C:\Program Files\Intel\iCLS Client\;C:\Windows\system32;C:\Windows;C:\Windows\System32\Wbem;C:\Windows\System32\WindowsPowerShell\v1.0\;C:\Program Files\Intel\Intel(R) Management Engine Components\DAL;C:\Program Files\Intel\Intel(R) Management Engine Components\IPT;C:\Program Files\Skype\Phone\
USERNAME=Alexandr
OS=Windows_NT
PROCESSOR_IDENTIFIER=x86 Family 6 Model 69 Stepping 1, GenuineIntel



---------------  S Y S T E M  ---------------

OS: Windows 8.1 Build 9600 (6.3.9600.17415)

CPU:total 2 (2 cores per cpu, 1 threads per core) family 6 model 69 stepping 1, cmov, cx8, fxsr, mmx, sse, sse2, sse3, ssse3, sse4.1, sse4.2, popcnt, clmul, erms, lzcnt, tsc, tscinvbit

Memory: 4k page, physical 2787692k(349364k free), swap 3299692k(2472k free)

vm_info: Java HotSpot(TM) Client VM (25.60-b23) for windows-x86 JRE (1.8.0_60-b27), built on Aug  4 2015 10:57:40 by "java_re" with MS VC++ 10.0 (VS2010)

time: Mon Nov 02 21:14:34 2015
elapsed time: 0 seconds (0d 0h 0m 0s)

